<?xml version="1.0" encoding="UTF-8"?>
<!-- Generated by org.testng.reporters.JUnitXMLReporter -->
<testsuite hostname="LTIN184943" name="Default test" tests="7" failures="0" timestamp="2 May 2022 14:49:12 GMT" time="27.972" errors="0">
  <testcase name="openURL" time="13.7" classname="com.flipkart.automationProject.FlipkartAutomation.FlipkartAppTest"/>
  <testcase name="close" time="0.247" classname="com.flipkart.automationProject.FlipkartAutomation.FlipkartAppTest"/>
  <testcase name="grocery" time="2.164" classname="com.flipkart.automationProject.FlipkartAutomation.FlipkartAppTest"/>
  <testcase name="pincode" time="0.848" classname="com.flipkart.automationProject.FlipkartAutomation.FlipkartAppTest"/>
  <testcase name="searchForSugar" time="0.711" classname="com.flipkart.automationProject.FlipkartAutomation.FlipkartAppTest"/>
  <testcase name="selectLastItem" time="9.508" classname="com.flipkart.automationProject.FlipkartAutomation.FlipkartAppTest"/>
  <testcase name="takeScreenshot" time="0.746" classname="com.flipkart.automationProject.FlipkartAutomation.FlipkartAppTest"/>
</testsuite> <!-- Default test -->
